2019-03-10 17:52:28 -Starting SbadminApplication on DESKTOP-E9GS268 with PID 5140 (D:\MyWeb2018\SbAdmin\target\classes started by Administrator in D:\MyWeb2018\SbAdmin)
2019-03-10 17:52:28 -The following profiles are active: dev
2019-03-10 17:52:29 -Skipping MapperFactoryBean with name 'dictDao' and 'cn.edu.ctbu.sbadmin.common.dao.DictDao' mapperInterface. Bean already defined with the same name!
2019-03-10 17:52:29 -Skipping MapperFactoryBean with name 'fileDao' and 'cn.edu.ctbu.sbadmin.common.dao.FileDao' mapperInterface. Bean already defined with the same name!
2019-03-10 17:52:29 -Skipping MapperFactoryBean with name 'logDao' and 'cn.edu.ctbu.sbadmin.common.dao.LogDao' mapperInterface. Bean already defined with the same name!
2019-03-10 17:52:29 -Skipping MapperFactoryBean with name 'taskDao' and 'cn.edu.ctbu.sbadmin.common.dao.TaskDao' mapperInterface. Bean already defined with the same name!
2019-03-10 17:52:29 -Skipping MapperFactoryBean with name 'configDao' and 'cn.edu.ctbu.sbadmin.system.dao.ConfigDao' mapperInterface. Bean already defined with the same name!
2019-03-10 17:52:29 -Skipping MapperFactoryBean with name 'deptDao' and 'cn.edu.ctbu.sbadmin.system.dao.DeptDao' mapperInterface. Bean already defined with the same name!
2019-03-10 17:52:29 -Skipping MapperFactoryBean with name 'menuDao' and 'cn.edu.ctbu.sbadmin.system.dao.MenuDao' mapperInterface. Bean already defined with the same name!
2019-03-10 17:52:29 -Skipping MapperFactoryBean with name 'roleDao' and 'cn.edu.ctbu.sbadmin.system.dao.RoleDao' mapperInterface. Bean already defined with the same name!
2019-03-10 17:52:29 -Skipping MapperFactoryBean with name 'roleMenuDao' and 'cn.edu.ctbu.sbadmin.system.dao.RoleMenuDao' mapperInterface. Bean already defined with the same name!
2019-03-10 17:52:29 -Skipping MapperFactoryBean with name 'sysLogDao' and 'cn.edu.ctbu.sbadmin.system.dao.SysLogDao' mapperInterface. Bean already defined with the same name!
2019-03-10 17:52:29 -Skipping MapperFactoryBean with name 'userDao' and 'cn.edu.ctbu.sbadmin.system.dao.UserDao' mapperInterface. Bean already defined with the same name!
2019-03-10 17:52:29 -Skipping MapperFactoryBean with name 'userRoleDao' and 'cn.edu.ctbu.sbadmin.system.dao.UserRoleDao' mapperInterface. Bean already defined with the same name!
2019-03-10 17:52:29 -No MyBatis mapper was found in '[cn.edu.ctbu.sbadmin.common.config, cn.edu.ctbu]' package. Please check your configuration.
2019-03-10 17:52:29 -Multiple Spring Data modules found, entering strict repository configuration mode!
2019-03-10 17:52:29 -Bootstrapping Spring Data repositories in DEFAULT mode.
2019-03-10 17:52:29 -Finished Spring Data repository scanning in 35ms. Found 0 repository interfaces.
2019-03-10 17:52:30 -Bean 'org.springframework.transaction.annotation.ProxyTransactionManagementConfiguration' of type [org.springframework.transaction.annotation.ProxyTransactionManagementConfiguration$$EnhancerBySpringCGLIB$$1d5d5164] is not eligible for getting processed by all BeanPostProcessors (for example: not eligible for auto-proxying)
2019-03-10 17:52:30 -Bean 'shiroConfig' of type [cn.edu.ctbu.sbadmin.system.config.ShiroConfig$$EnhancerBySpringCGLIB$$369c0872] is not eligible for getting processed by all BeanPostProcessors (for example: not eligible for auto-proxying)
2019-03-10 17:52:30 -Bean 'userRealm' of type [cn.edu.ctbu.sbadmin.system.shiro.UserRealm] is not eligible for getting processed by all BeanPostProcessors (for example: not eligible for auto-proxying)
2019-03-10 17:52:30 -Bean 'cacheManager2' of type [net.sf.ehcache.CacheManager] is not eligible for getting processed by all BeanPostProcessors (for example: not eligible for auto-proxying)
2019-03-10 17:52:30 -Bean 'ehCacheManager' of type [org.apache.shiro.cache.ehcache.EhCacheManager] is not eligible for getting processed by all BeanPostProcessors (for example: not eligible for auto-proxying)
2019-03-10 17:52:30 -Cache with name 'cn.edu.ctbu.sbadmin.system.shiro.UserRealm.authorizationCache' does not yet exist.  Creating now.
2019-03-10 17:52:30 -Added EhCache named [cn.edu.ctbu.sbadmin.system.shiro.UserRealm.authorizationCache]
2019-03-10 17:52:30 -Bean 'sessionDAO' of type [org.apache.shiro.session.mgt.eis.MemorySessionDAO] is not eligible for getting processed by all BeanPostProcessors (for example: not eligible for auto-proxying)
2019-03-10 17:52:30 -Bean 'sessionManager' of type [org.apache.shiro.web.session.mgt.DefaultWebSessionManager] is not eligible for getting processed by all BeanPostProcessors (for example: not eligible for auto-proxying)
2019-03-10 17:52:30 -Bean 'securityManager' of type [org.apache.shiro.web.mgt.DefaultWebSecurityManager] is not eligible for getting processed by all BeanPostProcessors (for example: not eligible for auto-proxying)
2019-03-10 17:52:30 -Bean 'authorizationAttributeSourceAdvisor' of type [org.apache.shiro.spring.security.interceptor.AuthorizationAttributeSourceAdvisor] is not eligible for getting processed by all BeanPostProcessors (for example: not eligible for auto-proxying)
2019-03-10 17:52:31 -Tomcat initialized with port(s): 80 (http)
2019-03-10 17:52:31 -Initializing ProtocolHandler ["http-nio-80"]
2019-03-10 17:52:31 -Starting service [Tomcat]
2019-03-10 17:52:31 -Starting Servlet engine: [Apache Tomcat/9.0.16]
2019-03-10 17:52:31 -The APR based Apache Tomcat Native library which allows optimal performance in production environments was not found on the java.library.path: [C:\Program Files\Java\jdk1.8.0_181\bin;C:\Windows\Sun\Java\bin;C:\Windows\system32;C:\Windows;C:\Program Files (x86)\Common Files\Intel\Shared Libraries\redist\intel64\compiler;C:\Program Files (x86)\Common Files\Oracle\Java\javapath;C:\Windows\system32;C:\Windows;C:\Windows\System32\Wbem;C:\Windows\System32\WindowsPowerShell\v1.0\;C:\Program Files\Git\cmd;C:\Program Files (x86)\Windows Kits\8.1\Windows Performance Toolkit\;C:\Program Files\Microsoft SQL Server\110\Tools\Binn\;C:\Program Files (x86)\Microsoft SDKs\TypeScript\1.0\;C:\Program Files\Microsoft SQL Server\120\Tools\Binn\;C:\Program Files (x86)\Microsoft SQL Server\100\Tools\Binn\;C:\Program Files\Microsoft SQL Server\100\Tools\Binn\;C:\Program Files\Microsoft SQL Server\100\DTS\Binn\;C:\Program Files (x86)\Microsoft SQL Server\100\Tools\Binn\VSShell\Common7\IDE\;C:\Program Files (x86)\Microsoft SQL Server\100\DTS\Binn\;C:\Program Files\NVIDIA Corporation\NVSMI;C:\Program Files (x86)\CodeSmith\v5.0\;C:\Program Files\Java\jdk1.8.0_181\bin\;D:\Program Files\JetBrains\IntelliJ IDEA 2018.2.3\plugins\maven\lib\maven3\\bin\;C:\Program Files (x86)\swigwin-3.0.12\;;C:\Program Files\Git LFS;C:\Users\Administrator\AppData\Local\Microsoft\WindowsApps;;.]
2019-03-10 17:52:31 -Initializing Spring embedded WebApplicationContext
2019-03-10 17:52:31 -Root WebApplicationContext: initialization completed in 2923 ms
2019-03-10 17:52:31 -Filter xssFilter was not registered (disabled)
2019-03-10 17:52:31 -{dataSource-1} inited
2019-03-10 17:52:32 -ApplicationContext registed-->org.springframework.boot.web.servlet.context.AnnotationConfigServletWebServerApplicationContext@3b2c0e88, started on Sun Mar 10 17:52:28 CST 2019
2019-03-10 17:52:32 -Using default implementation for ThreadExecutor
2019-03-10 17:52:32 -Initialized Scheduler Signaller of type: class org.quartz.core.SchedulerSignalerImpl
2019-03-10 17:52:32 -Quartz Scheduler v.2.2.1 created.
2019-03-10 17:52:32 -RAMJobStore initialized.
2019-03-10 17:52:32 -Scheduler meta-data: Quartz Scheduler (v2.2.1) 'schedulerFactoryBean' with instanceId 'NON_CLUSTERED'
  Scheduler class: 'org.quartz.core.QuartzScheduler' - running locally.
  NOT STARTED.
  Currently in standby mode.
  Number of jobs executed: 0
  Using thread pool 'org.quartz.simpl.SimpleThreadPool' - with 10 threads.
  Using job-store 'org.quartz.simpl.RAMJobStore' - which does not support persistence. and is not clustered.

2019-03-10 17:52:32 -Quartz scheduler 'schedulerFactoryBean' initialized from an externally provided properties instance.
2019-03-10 17:52:32 -Quartz scheduler version: 2.2.1
2019-03-10 17:52:32 -JobFactory set to: cn.edu.ctbu.sbadmin.common.quartz.factory.JobFactory@24258b54
2019-03-10 17:52:34 -Initializing ExecutorService 'applicationTaskExecutor'
2019-03-10 17:52:34 -[THYMELEAF][main] Template Mode 'LEGACYHTML5' is deprecated. Using Template Mode 'HTML' instead.
2019-03-10 17:52:34 -Clear tk.mybatis.mapper.util.MsUtil CLASS_CACHE cache.
2019-03-10 17:52:34 -Clear tk.mybatis.mapper.genid.GenIdUtil CACHE cache.
2019-03-10 17:52:34 -Clear tk.mybatis.mapper.version.VersionUtil CACHE cache.
2019-03-10 17:52:34 -Clear EntityHelper entityTableMap cache.
2019-03-10 17:52:35 -Context refreshed
2019-03-10 17:52:35 -Found 1 custom documentation plugin(s)
2019-03-10 17:52:35 -Scanning for api listing references
2019-03-10 17:52:36 -Generating unique operation named: listUsingGET_1
2019-03-10 17:52:36 -Generating unique operation named: listUsingHEAD_1
2019-03-10 17:52:36 -Generating unique operation named: listUsingPOST_1
2019-03-10 17:52:36 -Generating unique operation named: listUsingPUT_1
2019-03-10 17:52:36 -Generating unique operation named: listUsingPATCH_1
2019-03-10 17:52:36 -Generating unique operation named: listUsingDELETE_1
2019-03-10 17:52:36 -Generating unique operation named: listUsingOPTIONS_1
2019-03-10 17:52:36 -Generating unique operation named: listUsingTRACE_1
2019-03-10 17:52:36 -Generating unique operation named: batchDeleteUsingPOST_1
2019-03-10 17:52:36 -Generating unique operation named: batchRemoveUsingGET_1
2019-03-10 17:52:36 -Generating unique operation named: batchRemoveUsingHEAD_1
2019-03-10 17:52:36 -Generating unique operation named: batchRemoveUsingPOST_1
2019-03-10 17:52:36 -Generating unique operation named: batchRemoveUsingPUT_1
2019-03-10 17:52:36 -Generating unique operation named: batchRemoveUsingPATCH_1
2019-03-10 17:52:36 -Generating unique operation named: batchRemoveUsingDELETE_1
2019-03-10 17:52:36 -Generating unique operation named: batchRemoveUsingOPTIONS_1
2019-03-10 17:52:36 -Generating unique operation named: batchRemoveUsingTRACE_1
2019-03-10 17:52:36 -Generating unique operation named: deleteUsingPOST_1
2019-03-10 17:52:36 -Generating unique operation named: getUsingGET_1
2019-03-10 17:52:36 -Generating unique operation named: getUsingHEAD_1
2019-03-10 17:52:36 -Generating unique operation named: getUsingPOST_1
2019-03-10 17:52:36 -Generating unique operation named: getUsingPUT_1
2019-03-10 17:52:36 -Generating unique operation named: getUsingPATCH_1
2019-03-10 17:52:36 -Generating unique operation named: getUsingDELETE_1
2019-03-10 17:52:36 -Generating unique operation named: getUsingOPTIONS_1
2019-03-10 17:52:36 -Generating unique operation named: getUsingTRACE_1
2019-03-10 17:52:36 -Generating unique operation named: getAllUsingGET_1
2019-03-10 17:52:36 -Generating unique operation named: getAllUsingHEAD_1
2019-03-10 17:52:36 -Generating unique operation named: getAllUsingPOST_1
2019-03-10 17:52:36 -Generating unique operation named: getAllUsingPUT_1
2019-03-10 17:52:36 -Generating unique operation named: getAllUsingPATCH_1
2019-03-10 17:52:36 -Generating unique operation named: getAllUsingDELETE_1
2019-03-10 17:52:36 -Generating unique operation named: getAllUsingOPTIONS_1
2019-03-10 17:52:36 -Generating unique operation named: getAllUsingTRACE_1
2019-03-10 17:52:36 -Generating unique operation named: listUsingGET_2
2019-03-10 17:52:36 -Generating unique operation named: listUsingHEAD_2
2019-03-10 17:52:36 -Generating unique operation named: listUsingPOST_2
2019-03-10 17:52:36 -Generating unique operation named: listUsingPUT_2
2019-03-10 17:52:36 -Generating unique operation named: listUsingPATCH_2
2019-03-10 17:52:36 -Generating unique operation named: listUsingDELETE_2
2019-03-10 17:52:36 -Generating unique operation named: listUsingOPTIONS_2
2019-03-10 17:52:36 -Generating unique operation named: listUsingTRACE_2
2019-03-10 17:52:36 -Generating unique operation named: saveUsingPOST_1
2019-03-10 17:52:36 -Generating unique operation named: updateUsingGET_1
2019-03-10 17:52:36 -Generating unique operation named: updateUsingHEAD_1
2019-03-10 17:52:36 -Generating unique operation named: updateUsingPOST_1
2019-03-10 17:52:36 -Generating unique operation named: updateUsingPUT_1
2019-03-10 17:52:36 -Generating unique operation named: updateUsingPATCH_1
2019-03-10 17:52:36 -Generating unique operation named: updateUsingDELETE_1
2019-03-10 17:52:36 -Generating unique operation named: updateUsingOPTIONS_1
2019-03-10 17:52:36 -Generating unique operation named: updateUsingTRACE_1
2019-03-10 17:52:36 -Generating unique operation named: deleteUsingPOST_2
2019-03-10 17:52:36 -Generating unique operation named: editUsingGET_1
2019-03-10 17:52:36 -Generating unique operation named: saveUsingPOST_2
2019-03-10 17:52:36 -Generating unique operation named: updateUsingGET_2
2019-03-10 17:52:36 -Generating unique operation named: updateUsingHEAD_2
2019-03-10 17:52:36 -Generating unique operation named: updateUsingPOST_2
2019-03-10 17:52:36 -Generating unique operation named: updateUsingPUT_2
2019-03-10 17:52:36 -Generating unique operation named: updateUsingPATCH_2
2019-03-10 17:52:36 -Generating unique operation named: updateUsingDELETE_2
2019-03-10 17:52:36 -Generating unique operation named: updateUsingOPTIONS_2
2019-03-10 17:52:36 -Generating unique operation named: updateUsingTRACE_2
2019-03-10 17:52:36 -Generating unique operation named: addUsingGET_1
2019-03-10 17:52:36 -Generating unique operation named: deleteUsingPOST_3
2019-03-10 17:52:36 -Generating unique operation named: deleteUsingPOST_4
2019-03-10 17:52:36 -Generating unique operation named: saveUsingPOST_3
2019-03-10 17:52:36 -Generating unique operation named: updateUsingGET_3
2019-03-10 17:52:36 -Generating unique operation named: updateUsingHEAD_3
2019-03-10 17:52:36 -Generating unique operation named: updateUsingPOST_3
2019-03-10 17:52:36 -Generating unique operation named: updateUsingPUT_3
2019-03-10 17:52:36 -Generating unique operation named: updateUsingPATCH_3
2019-03-10 17:52:36 -Generating unique operation named: updateUsingDELETE_3
2019-03-10 17:52:36 -Generating unique operation named: updateUsingOPTIONS_3
2019-03-10 17:52:36 -Generating unique operation named: updateUsingTRACE_3
2019-03-10 17:52:36 -Generating unique operation named: editUsingGET_2
2019-03-10 17:52:36 -Generating unique operation named: listUsingGET_3
2019-03-10 17:52:36 -Generating unique operation named: updateUsingPOST_4
2019-03-10 17:52:36 -Generating unique operation named: addUsingGET_2
2019-03-10 17:52:36 -Generating unique operation named: editUsingGET_3
2019-03-10 17:52:36 -Generating unique operation named: infoUsingGET_1
2019-03-10 17:52:36 -Generating unique operation named: infoUsingHEAD_1
2019-03-10 17:52:36 -Generating unique operation named: infoUsingPOST_1
2019-03-10 17:52:36 -Generating unique operation named: infoUsingPUT_1
2019-03-10 17:52:36 -Generating unique operation named: infoUsingPATCH_1
2019-03-10 17:52:36 -Generating unique operation named: infoUsingDELETE_1
2019-03-10 17:52:36 -Generating unique operation named: infoUsingOPTIONS_1
2019-03-10 17:52:36 -Generating unique operation named: infoUsingTRACE_1
2019-03-10 17:52:36 -Generating unique operation named: removeUsingPOST_1
2019-03-10 17:52:36 -Generating unique operation named: saveUsingPOST_4
2019-03-10 17:52:36 -Generating unique operation named: updateUsingPOST_5
2019-03-10 17:52:36 -Generating unique operation named: ZTreeAllUsingGET_1
2019-03-10 17:52:36 -Generating unique operation named: batchDeleteUsingPOST_2
2019-03-10 17:52:36 -Generating unique operation named: deleteUsingPOST_5
2019-03-10 17:52:36 -Generating unique operation named: getUsingGET_2
2019-03-10 17:52:36 -Generating unique operation named: getUsingHEAD_2
2019-03-10 17:52:36 -Generating unique operation named: getUsingPOST_2
2019-03-10 17:52:36 -Generating unique operation named: getUsingPUT_2
2019-03-10 17:52:36 -Generating unique operation named: getUsingPATCH_2
2019-03-10 17:52:36 -Generating unique operation named: getUsingDELETE_2
2019-03-10 17:52:36 -Generating unique operation named: getUsingOPTIONS_2
2019-03-10 17:52:36 -Generating unique operation named: getUsingTRACE_2
2019-03-10 17:52:36 -Generating unique operation named: getAllUsingGET_2
2019-03-10 17:52:36 -Generating unique operation named: getAllUsingHEAD_2
2019-03-10 17:52:36 -Generating unique operation named: getAllUsingPOST_2
2019-03-10 17:52:36 -Generating unique operation named: getAllUsingPUT_2
2019-03-10 17:52:36 -Generating unique operation named: getAllUsingPATCH_2
2019-03-10 17:52:36 -Generating unique operation named: getAllUsingDELETE_2
2019-03-10 17:52:36 -Generating unique operation named: getAllUsingOPTIONS_2
2019-03-10 17:52:36 -Generating unique operation named: getAllUsingTRACE_2
2019-03-10 17:52:36 -Generating unique operation named: listUsingGET_4
2019-03-10 17:52:36 -Generating unique operation named: listUsingHEAD_3
2019-03-10 17:52:36 -Generating unique operation named: listUsingPOST_3
2019-03-10 17:52:36 -Generating unique operation named: listUsingPUT_3
2019-03-10 17:52:36 -Generating unique operation named: listUsingPATCH_3
2019-03-10 17:52:36 -Generating unique operation named: listUsingDELETE_3
2019-03-10 17:52:36 -Generating unique operation named: listUsingOPTIONS_3
2019-03-10 17:52:36 -Generating unique operation named: listUsingTRACE_3
2019-03-10 17:52:36 -Generating unique operation named: saveUsingPOST_5
2019-03-10 17:52:36 -Generating unique operation named: treeUsingGET_1
2019-03-10 17:52:36 -Generating unique operation named: updateUsingGET_4
2019-03-10 17:52:36 -Generating unique operation named: updateUsingHEAD_4
2019-03-10 17:52:36 -Generating unique operation named: updateUsingPOST_6
2019-03-10 17:52:36 -Generating unique operation named: updateUsingPUT_4
2019-03-10 17:52:36 -Generating unique operation named: updateUsingPATCH_4
2019-03-10 17:52:36 -Generating unique operation named: updateUsingDELETE_4
2019-03-10 17:52:36 -Generating unique operation named: updateUsingOPTIONS_4
2019-03-10 17:52:36 -Generating unique operation named: updateUsingTRACE_4
2019-03-10 17:52:36 -Generating unique operation named: exportExcelUsingGET_1
2019-03-10 17:52:36 -Generating unique operation named: exportExcelUsingHEAD_1
2019-03-10 17:52:36 -Generating unique operation named: exportExcelUsingPOST_1
2019-03-10 17:52:36 -Generating unique operation named: exportExcelUsingPUT_1
2019-03-10 17:52:36 -Generating unique operation named: exportExcelUsingPATCH_1
2019-03-10 17:52:36 -Generating unique operation named: exportExcelUsingDELETE_1
2019-03-10 17:52:36 -Generating unique operation named: exportExcelUsingOPTIONS_1
2019-03-10 17:52:36 -Generating unique operation named: exportExcelUsingTRACE_1
2019-03-10 17:52:36 -Generating unique operation named: getUsingGET_3
2019-03-10 17:52:36 -Generating unique operation named: getUsingHEAD_3
2019-03-10 17:52:36 -Generating unique operation named: getUsingPOST_3
2019-03-10 17:52:36 -Generating unique operation named: getUsingPUT_3
2019-03-10 17:52:36 -Generating unique operation named: getUsingPATCH_3
2019-03-10 17:52:36 -Generating unique operation named: getUsingDELETE_3
2019-03-10 17:52:36 -Generating unique operation named: getUsingOPTIONS_3
2019-03-10 17:52:36 -Generating unique operation named: getUsingTRACE_3
2019-03-10 17:52:36 -Generating unique operation named: getAllUsingGET_3
2019-03-10 17:52:36 -Generating unique operation named: getAllUsingHEAD_3
2019-03-10 17:52:36 -Generating unique operation named: getAllUsingPOST_3
2019-03-10 17:52:36 -Generating unique operation named: getAllUsingPUT_3
2019-03-10 17:52:36 -Generating unique operation named: getAllUsingPATCH_3
2019-03-10 17:52:36 -Generating unique operation named: getAllUsingDELETE_3
2019-03-10 17:52:36 -Generating unique operation named: getAllUsingOPTIONS_3
2019-03-10 17:52:36 -Generating unique operation named: getAllUsingTRACE_3
2019-03-10 17:52:36 -Generating unique operation named: listUsingGET_5
2019-03-10 17:52:36 -Generating unique operation named: listUsingHEAD_4
2019-03-10 17:52:36 -Generating unique operation named: listUsingPOST_4
2019-03-10 17:52:36 -Generating unique operation named: listUsingPUT_4
2019-03-10 17:52:36 -Generating unique operation named: listUsingPATCH_4
2019-03-10 17:52:36 -Generating unique operation named: listUsingDELETE_4
2019-03-10 17:52:36 -Generating unique operation named: listUsingOPTIONS_4
2019-03-10 17:52:36 -Generating unique operation named: listUsingTRACE_4
2019-03-10 17:52:36 -Generating unique operation named: queryByQUsingGET_1
2019-03-10 17:52:36 -Generating unique operation named: queryByQUsingHEAD_1
2019-03-10 17:52:36 -Generating unique operation named: queryByQUsingPOST_1
2019-03-10 17:52:36 -Generating unique operation named: queryByQUsingPUT_1
2019-03-10 17:52:36 -Generating unique operation named: queryByQUsingPATCH_1
2019-03-10 17:52:36 -Generating unique operation named: queryByQUsingDELETE_1
2019-03-10 17:52:36 -Generating unique operation named: queryByQUsingOPTIONS_1
2019-03-10 17:52:36 -Generating unique operation named: queryByQUsingTRACE_1
2019-03-10 17:52:36 -Generating unique operation named: saveUsingPOST_6
2019-03-10 17:52:36 -Generating unique operation named: updateUsingPOST_7
2019-03-10 17:52:36 -Generating unique operation named: listUsingGET_6
2019-03-10 17:52:36 -Generating unique operation named: listUsingHEAD_5
2019-03-10 17:52:36 -Generating unique operation named: listUsingPOST_5
2019-03-10 17:52:36 -Generating unique operation named: listUsingPUT_5
2019-03-10 17:52:36 -Generating unique operation named: listUsingPATCH_5
2019-03-10 17:52:36 -Generating unique operation named: listUsingDELETE_5
2019-03-10 17:52:36 -Generating unique operation named: listUsingOPTIONS_5
2019-03-10 17:52:36 -Generating unique operation named: listUsingTRACE_5
2019-03-10 17:52:36 -Generating unique operation named: getUsingGET_4
2019-03-10 17:52:36 -Generating unique operation named: getUsingHEAD_4
2019-03-10 17:52:36 -Generating unique operation named: getUsingPOST_4
2019-03-10 17:52:36 -Generating unique operation named: getUsingPUT_4
2019-03-10 17:52:36 -Generating unique operation named: getUsingPATCH_4
2019-03-10 17:52:36 -Generating unique operation named: getUsingDELETE_4
2019-03-10 17:52:36 -Generating unique operation named: getUsingOPTIONS_4
2019-03-10 17:52:36 -Generating unique operation named: getUsingTRACE_4
2019-03-10 17:52:37 -Generating unique operation named: saveUsingPOST_7
2019-03-10 17:52:37 -Generating unique operation named: updateUsingPOST_8
2019-03-10 17:52:37 -Generating unique operation named: editUsingGET_4
2019-03-10 17:52:37 -Generating unique operation named: editUsingHEAD_1
2019-03-10 17:52:37 -Generating unique operation named: editUsingPOST_1
2019-03-10 17:52:37 -Generating unique operation named: editUsingPUT_1
2019-03-10 17:52:37 -Generating unique operation named: editUsingPATCH_1
2019-03-10 17:52:37 -Generating unique operation named: editUsingDELETE_1
2019-03-10 17:52:37 -Generating unique operation named: editUsingOPTIONS_1
2019-03-10 17:52:37 -Generating unique operation named: editUsingTRACE_1
2019-03-10 17:52:37 -Generating unique operation named: listUsingGET_7
2019-03-10 17:52:37 -Generating unique operation named: listUsingHEAD_6
2019-03-10 17:52:37 -Generating unique operation named: listUsingPOST_6
2019-03-10 17:52:37 -Generating unique operation named: listUsingPUT_6
2019-03-10 17:52:37 -Generating unique operation named: listUsingPATCH_6
2019-03-10 17:52:37 -Generating unique operation named: listUsingDELETE_6
2019-03-10 17:52:37 -Generating unique operation named: listUsingOPTIONS_6
2019-03-10 17:52:37 -Generating unique operation named: listUsingTRACE_6
2019-03-10 17:52:37 -Generating unique operation named: editUsingGET_5
2019-03-10 17:52:37 -Generating unique operation named: editUsingHEAD_2
2019-03-10 17:52:37 -Generating unique operation named: editUsingPOST_2
2019-03-10 17:52:37 -Generating unique operation named: editUsingPUT_2
2019-03-10 17:52:37 -Generating unique operation named: editUsingPATCH_2
2019-03-10 17:52:37 -Generating unique operation named: editUsingDELETE_2
2019-03-10 17:52:37 -Generating unique operation named: editUsingOPTIONS_2
2019-03-10 17:52:37 -Generating unique operation named: editUsingTRACE_2
2019-03-10 17:52:37 -Generating unique operation named: listUsingGET_8
2019-03-10 17:52:37 -Generating unique operation named: listUsingHEAD_7
2019-03-10 17:52:37 -Generating unique operation named: listUsingPOST_7
2019-03-10 17:52:37 -Generating unique operation named: listUsingPUT_7
2019-03-10 17:52:37 -Generating unique operation named: listUsingPATCH_7
2019-03-10 17:52:37 -Generating unique operation named: listUsingDELETE_7
2019-03-10 17:52:37 -Generating unique operation named: listUsingOPTIONS_7
2019-03-10 17:52:37 -Generating unique operation named: listUsingTRACE_7
2019-03-10 17:52:37 -Generating unique operation named: editUsingGET_6
2019-03-10 17:52:37 -Generating unique operation named: editUsingHEAD_3
2019-03-10 17:52:37 -Generating unique operation named: editUsingPOST_3
2019-03-10 17:52:37 -Generating unique operation named: editUsingPUT_3
2019-03-10 17:52:37 -Generating unique operation named: editUsingPATCH_3
2019-03-10 17:52:37 -Generating unique operation named: editUsingDELETE_3
2019-03-10 17:52:37 -Generating unique operation named: editUsingOPTIONS_3
2019-03-10 17:52:37 -Generating unique operation named: editUsingTRACE_3
2019-03-10 17:52:37 -Generating unique operation named: listUsingGET_9
2019-03-10 17:52:37 -Generating unique operation named: listUsingHEAD_8
2019-03-10 17:52:37 -Generating unique operation named: listUsingPOST_8
2019-03-10 17:52:37 -Generating unique operation named: listUsingPUT_8
2019-03-10 17:52:37 -Generating unique operation named: listUsingPATCH_8
2019-03-10 17:52:37 -Generating unique operation named: listUsingDELETE_8
2019-03-10 17:52:37 -Generating unique operation named: listUsingOPTIONS_8
2019-03-10 17:52:37 -Generating unique operation named: listUsingTRACE_8
2019-03-10 17:52:37 -Generating unique operation named: editUsingGET_7
2019-03-10 17:52:37 -Generating unique operation named: editUsingHEAD_4
2019-03-10 17:52:37 -Generating unique operation named: editUsingPOST_4
2019-03-10 17:52:37 -Generating unique operation named: editUsingPUT_4
2019-03-10 17:52:37 -Generating unique operation named: editUsingPATCH_4
2019-03-10 17:52:37 -Generating unique operation named: editUsingDELETE_4
2019-03-10 17:52:37 -Generating unique operation named: editUsingOPTIONS_4
2019-03-10 17:52:37 -Generating unique operation named: editUsingTRACE_4
2019-03-10 17:52:37 -Generating unique operation named: listUsingGET_10
2019-03-10 17:52:37 -Generating unique operation named: listUsingHEAD_9
2019-03-10 17:52:37 -Generating unique operation named: listUsingPOST_9
2019-03-10 17:52:37 -Generating unique operation named: listUsingPUT_9
2019-03-10 17:52:37 -Generating unique operation named: listUsingPATCH_9
2019-03-10 17:52:37 -Generating unique operation named: listUsingDELETE_9
2019-03-10 17:52:37 -Generating unique operation named: listUsingOPTIONS_9
2019-03-10 17:52:37 -Generating unique operation named: listUsingTRACE_9
2019-03-10 17:52:37 -Generating unique operation named: batchDeleteUsingPOST_3
2019-03-10 17:52:37 -Generating unique operation named: batchRemoveUsingGET_2
2019-03-10 17:52:37 -Generating unique operation named: batchRemoveUsingHEAD_2
2019-03-10 17:52:37 -Generating unique operation named: batchRemoveUsingPOST_2
2019-03-10 17:52:37 -Generating unique operation named: batchRemoveUsingPUT_2
2019-03-10 17:52:37 -Generating unique operation named: batchRemoveUsingPATCH_2
2019-03-10 17:52:37 -Generating unique operation named: batchRemoveUsingDELETE_2
2019-03-10 17:52:37 -Generating unique operation named: batchRemoveUsingOPTIONS_2
2019-03-10 17:52:37 -Generating unique operation named: batchRemoveUsingTRACE_2
2019-03-10 17:52:37 -Generating unique operation named: deleteUsingPOST_6
2019-03-10 17:52:37 -Generating unique operation named: getUsingGET_5
2019-03-10 17:52:37 -Generating unique operation named: getUsingHEAD_5
2019-03-10 17:52:37 -Generating unique operation named: getUsingPOST_5
2019-03-10 17:52:37 -Generating unique operation named: getUsingPUT_5
2019-03-10 17:52:37 -Generating unique operation named: getUsingPATCH_5
2019-03-10 17:52:37 -Generating unique operation named: getUsingDELETE_5
2019-03-10 17:52:37 -Generating unique operation named: getUsingOPTIONS_5
2019-03-10 17:52:37 -Generating unique operation named: getUsingTRACE_5
2019-03-10 17:52:37 -Generating unique operation named: getAllUsingGET_4
2019-03-10 17:52:37 -Generating unique operation named: getAllUsingHEAD_4
2019-03-10 17:52:37 -Generating unique operation named: getAllUsingPOST_4
2019-03-10 17:52:37 -Generating unique operation named: getAllUsingPUT_4
2019-03-10 17:52:37 -Generating unique operation named: getAllUsingPATCH_4
2019-03-10 17:52:37 -Generating unique operation named: getAllUsingDELETE_4
2019-03-10 17:52:37 -Generating unique operation named: getAllUsingOPTIONS_4
2019-03-10 17:52:37 -Generating unique operation named: getAllUsingTRACE_4
2019-03-10 17:52:37 -Generating unique operation named: listUsingGET_11
2019-03-10 17:52:37 -Generating unique operation named: listUsingHEAD_10
2019-03-10 17:52:37 -Generating unique operation named: listUsingPOST_10
2019-03-10 17:52:37 -Generating unique operation named: listUsingPUT_10
2019-03-10 17:52:37 -Generating unique operation named: listUsingPATCH_10
2019-03-10 17:52:37 -Generating unique operation named: listUsingDELETE_10
2019-03-10 17:52:37 -Generating unique operation named: listUsingOPTIONS_10
2019-03-10 17:52:37 -Generating unique operation named: listUsingTRACE_10
2019-03-10 17:52:37 -Generating unique operation named: queryByQUsingGET_2
2019-03-10 17:52:37 -Generating unique operation named: queryByQUsingHEAD_2
2019-03-10 17:52:37 -Generating unique operation named: queryByQUsingPOST_2
2019-03-10 17:52:37 -Generating unique operation named: queryByQUsingPUT_2
2019-03-10 17:52:37 -Generating unique operation named: queryByQUsingPATCH_2
2019-03-10 17:52:37 -Generating unique operation named: queryByQUsingDELETE_2
2019-03-10 17:52:37 -Generating unique operation named: queryByQUsingOPTIONS_2
2019-03-10 17:52:37 -Generating unique operation named: queryByQUsingTRACE_2
2019-03-10 17:52:37 -Generating unique operation named: saveUsingPOST_8
2019-03-10 17:52:37 -Generating unique operation named: updateUsingGET_5
2019-03-10 17:52:37 -Generating unique operation named: updateUsingHEAD_5
2019-03-10 17:52:37 -Generating unique operation named: updateUsingPOST_9
2019-03-10 17:52:37 -Generating unique operation named: updateUsingPUT_5
2019-03-10 17:52:37 -Generating unique operation named: updateUsingPATCH_5
2019-03-10 17:52:37 -Generating unique operation named: updateUsingDELETE_5
2019-03-10 17:52:37 -Generating unique operation named: updateUsingOPTIONS_5
2019-03-10 17:52:37 -Generating unique operation named: updateUsingTRACE_5
2019-03-10 17:52:37 -Starting Quartz Scheduler now
2019-03-10 17:52:37 -Scheduler schedulerFactoryBean_$_NON_CLUSTERED started.
2019-03-10 17:52:37 -Starting ProtocolHandler ["http-nio-80"]
2019-03-10 17:52:37 -Tomcat started on port(s): 80 (http) with context path ''
2019-03-10 17:52:37 -Started SbadminApplication in 9.856 seconds (JVM running for 10.801)
2019-03-10 17:52:37 -==>  Preparing: SELECT count(0) FROM sys_task 
2019-03-10 17:52:37 -==> Parameters: 
2019-03-10 17:52:37 -<==      Total: 1
2019-03-10 17:52:37 -==>  Preparing: SELECT id,cron_expression,method_name,is_concurrent,description,update_by,bean_class,create_date,job_status,job_group,update_date,create_by,spring_bean,job_name FROM sys_task LIMIT ? 
2019-03-10 17:52:37 -==> Parameters: 9999(Integer)
2019-03-10 17:52:37 -<==      Total: 1
2019-03-10 17:52:49 -Initializing Spring DispatcherServlet 'dispatcherServlet'
2019-03-10 17:52:49 -Initializing Servlet 'dispatcherServlet'
2019-03-10 17:52:49 -Completed initialization in 23 ms
2019-03-10 17:52:49 -Enabling session validation scheduler...
2019-03-10 17:52:49 -请求地址 : http://localhost/login/user
2019-03-10 17:52:49 -HTTP METHOD : GET
2019-03-10 17:52:49 -CLASS_METHOD : cn.edu.ctbu.sbadmin.system.controller.LoginController.User
2019-03-10 17:52:49 -参数 : []
2019-03-10 17:52:49 -耗时 : 5
2019-03-10 17:52:49 -返回值 : login/user
2019-03-10 17:52:50 -请求地址 : http://localhost/login/getVerify
2019-03-10 17:52:50 -HTTP METHOD : GET
2019-03-10 17:52:50 -CLASS_METHOD : cn.edu.ctbu.sbadmin.system.controller.LoginController.getVerify
2019-03-10 17:52:50 -参数 : [org.apache.shiro.web.servlet.ShiroHttpServletRequest@3e929f54, org.apache.shiro.web.servlet.ShiroHttpServletResponse@7729fc2b]
2019-03-10 17:52:50 -9012
2019-03-10 17:52:50 -耗时 : 242
2019-03-10 17:52:50 -返回值 : null
2019-03-10 17:52:50 -请求地址 : http://localhost/login/user
2019-03-10 17:52:50 -HTTP METHOD : GET
2019-03-10 17:52:50 -CLASS_METHOD : cn.edu.ctbu.sbadmin.system.controller.LoginController.User
2019-03-10 17:52:50 -参数 : []
2019-03-10 17:52:50 -耗时 : 0
2019-03-10 17:52:50 -返回值 : login/user
2019-03-10 17:53:02 -==>  Preparing: SELECT id,username,truename,password,dept_id,email,mobile,status,user_id_create,gmt_create,gmt_modified,sex,birth,img_url,live_address,hobby,province,city,district,is_deleted,gmt_delete,delete_userid,introduce,img,memo,role_name,role_ids,home_url,manager_id,manager_name,other_password,wxids,wxname FROM sys_user WHERE ( ( username = ? ) ) 
2019-03-10 17:53:02 -==> Parameters: admin(String)
2019-03-10 17:53:02 -<==      Total: 1
2019-03-10 17:53:02 -请求地址 : http://localhost/system/index
2019-03-10 17:53:02 -HTTP METHOD : GET
2019-03-10 17:53:02 -CLASS_METHOD : cn.edu.ctbu.sbadmin.system.controller.SystemController.Index
2019-03-10 17:53:02 -参数 : [{}]
2019-03-10 17:53:02 -==>  Preparing: SELECT id,username,truename,password,dept_id,email,mobile,status,user_id_create,gmt_create,gmt_modified,sex,birth,img_url,live_address,hobby,province,city,district,is_deleted,gmt_delete,delete_userid,introduce,img,memo,role_name,role_ids,home_url,manager_id,manager_name,other_password,wxids,wxname FROM sys_user WHERE id = ? 
2019-03-10 17:53:02 -==> Parameters: 1(Long)
2019-03-10 17:53:02 -<==      Total: 1
2019-03-10 17:53:02 -==>  Preparing: select menu_id from sys_role_menu WHERE role_id = ? 
2019-03-10 17:53:02 -==> Parameters: 1(Integer)
2019-03-10 17:53:02 -<==      Total: 48
2019-03-10 17:53:02 -==>  Preparing: SELECT id,parent_id,name,url,perms,type,icon,order_num,gmt_create,gmt_modified,is_deleted,gmt_delete,delete_userid,level FROM sys_menu WHERE id = ? 
2019-03-10 17:53:02 -==> Parameters: 57(Long)
2019-03-10 17:53:02 -<==      Total: 1
2019-03-10 17:53:02 -==>  Preparing: SELECT id,parent_id,name,url,perms,type,icon,order_num,gmt_create,gmt_modified,is_deleted,gmt_delete,delete_userid,level FROM sys_menu WHERE id = ? 
2019-03-10 17:53:02 -==> Parameters: 30(Long)
2019-03-10 17:53:02 -<==      Total: 1
2019-03-10 17:53:02 -==>  Preparing: SELECT id,parent_id,name,url,perms,type,icon,order_num,gmt_create,gmt_modified,is_deleted,gmt_delete,delete_userid,level FROM sys_menu WHERE id = ? 
2019-03-10 17:53:02 -==> Parameters: 29(Long)
2019-03-10 17:53:02 -<==      Total: 1
2019-03-10 17:53:02 -==>  Preparing: SELECT id,parent_id,name,url,perms,type,icon,order_num,gmt_create,gmt_modified,is_deleted,gmt_delete,delete_userid,level FROM sys_menu WHERE id = ? 
2019-03-10 17:53:02 -==> Parameters: 28(Long)
2019-03-10 17:53:02 -<==      Total: 1
2019-03-10 17:53:02 -==>  Preparing: SELECT id,parent_id,name,url,perms,type,icon,order_num,gmt_create,gmt_modified,is_deleted,gmt_delete,delete_userid,level FROM sys_menu WHERE id = ? 
2019-03-10 17:53:02 -==> Parameters: 129(Long)
2019-03-10 17:53:02 -<==      Total: 1
2019-03-10 17:53:02 -==>  Preparing: SELECT id,parent_id,name,url,perms,type,icon,order_num,gmt_create,gmt_modified,is_deleted,gmt_delete,delete_userid,level FROM sys_menu WHERE id = ? 
2019-03-10 17:53:02 -==> Parameters: 118(Long)
2019-03-10 17:53:02 -<==      Total: 1
2019-03-10 17:53:02 -==>  Preparing: SELECT id,parent_id,name,url,perms,type,icon,order_num,gmt_create,gmt_modified,is_deleted,gmt_delete,delete_userid,level FROM sys_menu WHERE id = ? 
2019-03-10 17:53:02 -==> Parameters: 117(Long)
2019-03-10 17:53:02 -<==      Total: 1
2019-03-10 17:53:02 -==>  Preparing: SELECT id,parent_id,name,url,perms,type,icon,order_num,gmt_create,gmt_modified,is_deleted,gmt_delete,delete_userid,level FROM sys_menu WHERE id = ? 
2019-03-10 17:53:02 -==> Parameters: 116(Long)
2019-03-10 17:53:02 -<==      Total: 1
2019-03-10 17:53:02 -==>  Preparing: SELECT id,parent_id,name,url,perms,type,icon,order_num,gmt_create,gmt_modified,is_deleted,gmt_delete,delete_userid,level FROM sys_menu WHERE id = ? 
2019-03-10 17:53:02 -==> Parameters: 27(Long)
2019-03-10 17:53:02 -<==      Total: 1
2019-03-10 17:53:02 -==>  Preparing: SELECT id,parent_id,name,url,perms,type,icon,order_num,gmt_create,gmt_modified,is_deleted,gmt_delete,delete_userid,level FROM sys_menu WHERE id = ? 
2019-03-10 17:53:02 -==> Parameters: 92(Long)
2019-03-10 17:53:02 -<==      Total: 1
2019-03-10 17:53:02 -==>  Preparing: SELECT id,parent_id,name,url,perms,type,icon,order_num,gmt_create,gmt_modified,is_deleted,gmt_delete,delete_userid,level FROM sys_menu WHERE id = ? 
2019-03-10 17:53:02 -==> Parameters: 91(Long)
2019-03-10 17:53:02 -<==      Total: 1
2019-03-10 17:53:02 -==>  Preparing: SELECT id,parent_id,name,url,perms,type,icon,order_num,gmt_create,gmt_modified,is_deleted,gmt_delete,delete_userid,level FROM sys_menu WHERE id = ? 
2019-03-10 17:53:02 -==> Parameters: 48(Long)
2019-03-10 17:53:02 -<==      Total: 0
2019-03-10 17:53:02 -==>  Preparing: SELECT id,parent_id,name,url,perms,type,icon,order_num,gmt_create,gmt_modified,is_deleted,gmt_delete,delete_userid,level FROM sys_menu WHERE id = ? 
2019-03-10 17:53:02 -==> Parameters: 104(Long)
2019-03-10 17:53:02 -<==      Total: 1
2019-03-10 17:53:02 -==>  Preparing: SELECT id,parent_id,name,url,perms,type,icon,order_num,gmt_create,gmt_modified,is_deleted,gmt_delete,delete_userid,level FROM sys_menu WHERE id = ? 
2019-03-10 17:53:02 -==> Parameters: 77(Long)
2019-03-10 17:53:02 -<==      Total: 1
2019-03-10 17:53:02 -==>  Preparing: SELECT id,parent_id,name,url,perms,type,icon,order_num,gmt_create,gmt_modified,is_deleted,gmt_delete,delete_userid,level FROM sys_menu WHERE id = ? 
2019-03-10 17:53:02 -==> Parameters: 124(Long)
2019-03-10 17:53:02 -<==      Total: 1
2019-03-10 17:53:02 -==>  Preparing: SELECT id,parent_id,name,url,perms,type,icon,order_num,gmt_create,gmt_modified,is_deleted,gmt_delete,delete_userid,level FROM sys_menu WHERE id = ? 
2019-03-10 17:53:02 -==> Parameters: 123(Long)
2019-03-10 17:53:02 -<==      Total: 1
2019-03-10 17:53:02 -==>  Preparing: SELECT id,parent_id,name,url,perms,type,icon,order_num,gmt_create,gmt_modified,is_deleted,gmt_delete,delete_userid,level FROM sys_menu WHERE id = ? 
2019-03-10 17:53:02 -==> Parameters: 122(Long)
2019-03-10 17:53:02 -<==      Total: 1
2019-03-10 17:53:02 -==>  Preparing: SELECT id,parent_id,name,url,perms,type,icon,order_num,gmt_create,gmt_modified,is_deleted,gmt_delete,delete_userid,level FROM sys_menu WHERE id = ? 
2019-03-10 17:53:02 -==> Parameters: 121(Long)
2019-03-10 17:53:02 -<==      Total: 1
2019-03-10 17:53:02 -==>  Preparing: SELECT id,parent_id,name,url,perms,type,icon,order_num,gmt_create,gmt_modified,is_deleted,gmt_delete,delete_userid,level FROM sys_menu WHERE id = ? 
2019-03-10 17:53:02 -==> Parameters: 120(Long)
2019-03-10 17:53:02 -<==      Total: 1
2019-03-10 17:53:02 -==>  Preparing: SELECT id,parent_id,name,url,perms,type,icon,order_num,gmt_create,gmt_modified,is_deleted,gmt_delete,delete_userid,level FROM sys_menu WHERE id = ? 
2019-03-10 17:53:02 -==> Parameters: 119(Long)
2019-03-10 17:53:02 -<==      Total: 1
2019-03-10 17:53:02 -==>  Preparing: SELECT id,parent_id,name,url,perms,type,icon,order_num,gmt_create,gmt_modified,is_deleted,gmt_delete,delete_userid,level FROM sys_menu WHERE id = ? 
2019-03-10 17:53:02 -==> Parameters: 76(Long)
2019-03-10 17:53:02 -<==      Total: 1
2019-03-10 17:53:02 -==>  Preparing: SELECT id,parent_id,name,url,perms,type,icon,order_num,gmt_create,gmt_modified,is_deleted,gmt_delete,delete_userid,level FROM sys_menu WHERE id = ? 
2019-03-10 17:53:02 -==> Parameters: 75(Long)
2019-03-10 17:53:02 -<==      Total: 1
2019-03-10 17:53:02 -==>  Preparing: SELECT id,parent_id,name,url,perms,type,icon,order_num,gmt_create,gmt_modified,is_deleted,gmt_delete,delete_userid,level FROM sys_menu WHERE id = ? 
2019-03-10 17:53:02 -==> Parameters: 74(Long)
2019-03-10 17:53:02 -<==      Total: 1
2019-03-10 17:53:02 -==>  Preparing: SELECT id,parent_id,name,url,perms,type,icon,order_num,gmt_create,gmt_modified,is_deleted,gmt_delete,delete_userid,level FROM sys_menu WHERE id = ? 
2019-03-10 17:53:02 -==> Parameters: 128(Long)
2019-03-10 17:53:02 -<==      Total: 1
2019-03-10 17:53:02 -==>  Preparing: SELECT id,parent_id,name,url,perms,type,icon,order_num,gmt_create,gmt_modified,is_deleted,gmt_delete,delete_userid,level FROM sys_menu WHERE id = ? 
2019-03-10 17:53:02 -==> Parameters: 112(Long)
2019-03-10 17:53:02 -<==      Total: 1
2019-03-10 17:53:02 -==>  Preparing: SELECT id,parent_id,name,url,perms,type,icon,order_num,gmt_create,gmt_modified,is_deleted,gmt_delete,delete_userid,level FROM sys_menu WHERE id = ? 
2019-03-10 17:53:02 -==> Parameters: 73(Long)
2019-03-10 17:53:02 -<==      Total: 1
2019-03-10 17:53:02 -==>  Preparing: SELECT id,parent_id,name,url,perms,type,icon,order_num,gmt_create,gmt_modified,is_deleted,gmt_delete,delete_userid,level FROM sys_menu WHERE id = ? 
2019-03-10 17:53:02 -==> Parameters: 22(Long)
2019-03-10 17:53:02 -<==      Total: 1
2019-03-10 17:53:02 -==>  Preparing: SELECT id,parent_id,name,url,perms,type,icon,order_num,gmt_create,gmt_modified,is_deleted,gmt_delete,delete_userid,level FROM sys_menu WHERE id = ? 
2019-03-10 17:53:02 -==> Parameters: 21(Long)
2019-03-10 17:53:02 -<==      Total: 1
2019-03-10 17:53:02 -==>  Preparing: SELECT id,parent_id,name,url,perms,type,icon,order_num,gmt_create,gmt_modified,is_deleted,gmt_delete,delete_userid,level FROM sys_menu WHERE id = ? 
2019-03-10 17:53:02 -==> Parameters: 20(Long)
2019-03-10 17:53:02 -<==      Total: 1
2019-03-10 17:53:02 -==>  Preparing: SELECT id,parent_id,name,url,perms,type,icon,order_num,gmt_create,gmt_modified,is_deleted,gmt_delete,delete_userid,level FROM sys_menu WHERE id = ? 
2019-03-10 17:53:02 -==> Parameters: 127(Long)
2019-03-10 17:53:02 -<==      Total: 1
2019-03-10 17:53:02 -==>  Preparing: SELECT id,parent_id,name,url,perms,type,icon,order_num,gmt_create,gmt_modified,is_deleted,gmt_delete,delete_userid,level FROM sys_menu WHERE id = ? 
2019-03-10 17:53:02 -==> Parameters: 61(Long)
2019-03-10 17:53:02 -<==      Total: 1
2019-03-10 17:53:02 -==>  Preparing: SELECT id,parent_id,name,url,perms,type,icon,order_num,gmt_create,gmt_modified,is_deleted,gmt_delete,delete_userid,level FROM sys_menu WHERE id = ? 
2019-03-10 17:53:02 -==> Parameters: 2(Long)
2019-03-10 17:53:02 -<==      Total: 1
2019-03-10 17:53:02 -==>  Preparing: SELECT id,parent_id,name,url,perms,type,icon,order_num,gmt_create,gmt_modified,is_deleted,gmt_delete,delete_userid,level FROM sys_menu WHERE id = ? 
2019-03-10 17:53:02 -==> Parameters: 15(Long)
2019-03-10 17:53:02 -<==      Total: 1
2019-03-10 17:53:02 -==>  Preparing: SELECT id,parent_id,name,url,perms,type,icon,order_num,gmt_create,gmt_modified,is_deleted,gmt_delete,delete_userid,level FROM sys_menu WHERE id = ? 
2019-03-10 17:53:02 -==> Parameters: 126(Long)
2019-03-10 17:53:02 -<==      Total: 1
2019-03-10 17:53:02 -==>  Preparing: SELECT id,parent_id,name,url,perms,type,icon,order_num,gmt_create,gmt_modified,is_deleted,gmt_delete,delete_userid,level FROM sys_menu WHERE id = ? 
2019-03-10 17:53:02 -==> Parameters: 62(Long)
2019-03-10 17:53:02 -<==      Total: 1
2019-03-10 17:53:02 -==>  Preparing: SELECT id,parent_id,name,url,perms,type,icon,order_num,gmt_create,gmt_modified,is_deleted,gmt_delete,delete_userid,level FROM sys_menu WHERE id = ? 
2019-03-10 17:53:02 -==> Parameters: 56(Long)
2019-03-10 17:53:02 -<==      Total: 1
2019-03-10 17:53:02 -==>  Preparing: SELECT id,parent_id,name,url,perms,type,icon,order_num,gmt_create,gmt_modified,is_deleted,gmt_delete,delete_userid,level FROM sys_menu WHERE id = ? 
2019-03-10 17:53:02 -==> Parameters: 55(Long)
2019-03-10 17:53:02 -<==      Total: 1
2019-03-10 17:53:02 -==>  Preparing: SELECT id,parent_id,name,url,perms,type,icon,order_num,gmt_create,gmt_modified,is_deleted,gmt_delete,delete_userid,level FROM sys_menu WHERE id = ? 
2019-03-10 17:53:02 -==> Parameters: 7(Long)
2019-03-10 17:53:02 -<==      Total: 1
2019-03-10 17:53:02 -==>  Preparing: SELECT id,parent_id,name,url,perms,type,icon,order_num,gmt_create,gmt_modified,is_deleted,gmt_delete,delete_userid,level FROM sys_menu WHERE id = ? 
2019-03-10 17:53:02 -==> Parameters: 26(Long)
2019-03-10 17:53:02 -<==      Total: 1
2019-03-10 17:53:02 -==>  Preparing: SELECT id,parent_id,name,url,perms,type,icon,order_num,gmt_create,gmt_modified,is_deleted,gmt_delete,delete_userid,level FROM sys_menu WHERE id = ? 
2019-03-10 17:53:02 -==> Parameters: 25(Long)
2019-03-10 17:53:02 -<==      Total: 1
2019-03-10 17:53:02 -==>  Preparing: SELECT id,parent_id,name,url,perms,type,icon,order_num,gmt_create,gmt_modified,is_deleted,gmt_delete,delete_userid,level FROM sys_menu WHERE id = ? 
2019-03-10 17:53:02 -==> Parameters: 24(Long)
2019-03-10 17:53:02 -<==      Total: 1
2019-03-10 17:53:02 -==>  Preparing: SELECT id,parent_id,name,url,perms,type,icon,order_num,gmt_create,gmt_modified,is_deleted,gmt_delete,delete_userid,level FROM sys_menu WHERE id = ? 
2019-03-10 17:53:02 -==> Parameters: 14(Long)
2019-03-10 17:53:02 -<==      Total: 1
2019-03-10 17:53:02 -==>  Preparing: SELECT id,parent_id,name,url,perms,type,icon,order_num,gmt_create,gmt_modified,is_deleted,gmt_delete,delete_userid,level FROM sys_menu WHERE id = ? 
2019-03-10 17:53:02 -==> Parameters: 13(Long)
2019-03-10 17:53:02 -<==      Total: 1
2019-03-10 17:53:02 -==>  Preparing: SELECT id,parent_id,name,url,perms,type,icon,order_num,gmt_create,gmt_modified,is_deleted,gmt_delete,delete_userid,level FROM sys_menu WHERE id = ? 
2019-03-10 17:53:02 -==> Parameters: 12(Long)
2019-03-10 17:53:02 -<==      Total: 1
2019-03-10 17:53:02 -==>  Preparing: SELECT id,parent_id,name,url,perms,type,icon,order_num,gmt_create,gmt_modified,is_deleted,gmt_delete,delete_userid,level FROM sys_menu WHERE id = ? 
2019-03-10 17:53:02 -==> Parameters: 125(Long)
2019-03-10 17:53:02 -<==      Total: 1
2019-03-10 17:53:02 -==>  Preparing: SELECT id,parent_id,name,url,perms,type,icon,order_num,gmt_create,gmt_modified,is_deleted,gmt_delete,delete_userid,level FROM sys_menu WHERE id = ? 
2019-03-10 17:53:02 -==> Parameters: 6(Long)
2019-03-10 17:53:02 -<==      Total: 1
2019-03-10 17:53:02 -==>  Preparing: SELECT id,parent_id,name,url,perms,type,icon,order_num,gmt_create,gmt_modified,is_deleted,gmt_delete,delete_userid,level FROM sys_menu WHERE id = ? 
2019-03-10 17:53:02 -==> Parameters: 3(Long)
2019-03-10 17:53:02 -<==      Total: 1
2019-03-10 17:53:02 -==>  Preparing: SELECT id,parent_id,name,url,perms,type,icon,order_num,gmt_create,gmt_modified,is_deleted,gmt_delete,delete_userid,level FROM sys_menu WHERE id = ? 
2019-03-10 17:53:02 -==> Parameters: 0(Long)
2019-03-10 17:53:02 -<==      Total: 0
2019-03-10 17:53:02 -耗时 : 106
2019-03-10 17:53:02 -返回值 : system/index
2019-03-10 17:53:18 -请求地址 : http://localhost/login/user
2019-03-10 17:53:18 -HTTP METHOD : GET
2019-03-10 17:53:18 -CLASS_METHOD : cn.edu.ctbu.sbadmin.system.controller.LoginController.User
2019-03-10 17:53:18 -参数 : []
2019-03-10 17:53:18 -耗时 : 1
2019-03-10 17:53:18 -返回值 : login/user
2019-03-10 17:53:18 -请求地址 : http://localhost/login/getVerify
2019-03-10 17:53:18 -HTTP METHOD : GET
2019-03-10 17:53:18 -CLASS_METHOD : cn.edu.ctbu.sbadmin.system.controller.LoginController.getVerify
2019-03-10 17:53:18 -参数 : [org.apache.shiro.web.servlet.ShiroHttpServletRequest@83461ff, org.apache.shiro.web.servlet.ShiroHttpServletResponse@2122f919]
2019-03-10 17:53:18 -5941
2019-03-10 17:53:18 -耗时 : 6
2019-03-10 17:53:18 -返回值 : null
